<?xml version="1.0" encoding="UTF-8"?>
<!-- Generated by org.testng.reporters.JUnitReportReporter -->
<testsuite hostname="DESKTOP-KTFF14T" failures="0" tests="2" name="tests.Sanity" time="46.990" errors="0" timestamp="2022-02-09T23:19:11 IST" skipped="0">
  <testcase classname="tests.Sanity" name="caseStudies" time="27.753"/>
  <system-out/>
  <testcase classname="tests.Sanity" name="applyForAutomationEngineerPosition" time="19.237"/>
  <system-out/>
</testsuite> <!-- tests.Sanity -->
